<?xml version="1.0" encoding="UTF-8"?>
<!-- Generated by org.testng.reporters.JUnitReportReporter -->
<testsuite skipped="3" hostname="SIL-WIN-6" name="com.nfm.testcases.TC_02_OT_LoginPage" tests="5" failures="0" timestamp="24 Mar 2021 10:38:19 GMT" time="100.551" errors="0">
  <testcase name="intialization" time="0.012" classname="com.nfm.testcases.TC_02_OT_LoginPage"/>
  <testcase name="TC_Verify_Login_With_Valid_Email_Valid_Password_Untied_Account" time="100.539" classname="com.nfm.testcases.TC_02_OT_LoginPage"/>
  <testcase name="TC_Verify_Login_With_Valid_Email_INValid_Password" classname="com.nfm.testcases.TC_02_OT_LoginPage">
    <skipped/>
  </testcase> <!-- TC_Verify_Login_With_Valid_Email_INValid_Password -->
  <testcase name="TC_Verify_Login_With_Valid_Email_Valid_Password_Tied_Account" classname="com.nfm.testcases.TC_02_OT_LoginPage">
    <skipped/>
  </testcase> <!-- TC_Verify_Login_With_Valid_Email_Valid_Password_Tied_Account -->
  <testcase name="TC_Verify_Login_With_Blank_Email_Blank_Password" classname="com.nfm.testcases.TC_02_OT_LoginPage">
    <skipped/>
  </testcase> <!-- TC_Verify_Login_With_Blank_Email_Blank_Password -->
</testsuite> <!-- com.nfm.testcases.TC_02_OT_LoginPage -->
