<?xml version="1.0" encoding="UTF-8"?>
<!-- Generated by org.testng.reporters.JUnitReportReporter -->
<testsuite skipped="0" hostname="SIL-WIN-6" name="com.nfm.testcases.TC_01_NFM_HomePage_TC" tests="1" failures="0" timestamp="12 Mar 2021 07:34:39 GMT" time="0.227" errors="0">
  <testcase name="TC_Verify_HomePage_Title" time="0.227" classname="com.nfm.testcases.TC_01_NFM_HomePage_TC"/>
</testsuite> <!-- com.nfm.testcases.TC_01_NFM_HomePage_TC -->
