<?xml version="1.0" encoding="UTF-8"?>
<!-- Generated by org.testng.reporters.JUnitReportReporter -->
<testsuite skipped="1" hostname="SIL-WIN-6" name="com.nfm.testcases.TC_02_NFM_LoginPage_TC" tests="5" failures="0" timestamp="12 Dec 2019 12:14:14 GMT" time="51.239" errors="0">
  <testcase name="intialization" time="20.574" classname="com.nfm.testcases.TC_02_NFM_LoginPage_TC"/>
  <testcase name="TC_Verify_Login_With_Valid_Email_Valid_Password" time="16.180" classname="com.nfm.testcases.TC_02_NFM_LoginPage_TC"/>
  <testcase name="TC_Verify_Login_With_Valid_Email_INValid_Password" time="8.151" classname="com.nfm.testcases.TC_02_NFM_LoginPage_TC"/>
  <testcase name="TC_Verify_Login_With_Blank_Email_Blank_Password" time="6.334" classname="com.nfm.testcases.TC_02_NFM_LoginPage_TC"/>
  <testcase name="closebrowser" classname="com.nfm.testcases.TC_02_NFM_LoginPage_TC">
    <skipped/>
  </testcase> <!-- closebrowser -->
</testsuite> <!-- com.nfm.testcases.TC_02_NFM_LoginPage_TC -->
