<?xml version="1.0" encoding="UTF-8"?>
<!-- Generated by org.testng.reporters.JUnitReportReporter -->
<testsuite skipped="1" hostname="SIL-WIN-6" name="com.nfm.testcases.TC_04_NFM_PDP" tests="4" failures="0" timestamp="28 May 2020 12:24:58 GMT" time="37.902" errors="0">
  <testcase name="intialization" time="14.655" classname="com.nfm.testcases.TC_04_NFM_PDP"/>
  <testcase name="TC_Login_PDP" time="18.786" classname="com.nfm.testcases.TC_04_NFM_PDP"/>
  <testcase name="TC_PDP_Add_To_Cart" time="4.461" classname="com.nfm.testcases.TC_04_NFM_PDP"/>
  <testcase name="closebrowser" classname="com.nfm.testcases.TC_04_NFM_PDP">
    <skipped/>
  </testcase> <!-- closebrowser -->
</testsuite> <!-- com.nfm.testcases.TC_04_NFM_PDP -->
