<?xml version="1.0" encoding="UTF-8"?>
<!-- Generated by org.testng.reporters.JUnitReportReporter -->
<testsuite skipped="0" hostname="SIL-WIN-6" name="com.nfm.testcases.TC_01_OT_HomePage" tests="1" failures="0" timestamp="24 Mar 2021 10:08:05 GMT" time="0.027" errors="0">
  <testcase name="TC_Verify_HomePage_Title" time="0.027" classname="com.nfm.testcases.TC_01_OT_HomePage"/>
</testsuite> <!-- com.nfm.testcases.TC_01_OT_HomePage -->
