<?xml version="1.0" encoding="UTF-8"?>
<!-- Generated by org.testng.reporters.JUnitReportReporter -->
<testsuite skipped="0" hostname="SIL-WIN-6" name="com.nfm.testcases.TC_000_Check_HTTP_Status" tests="1" failures="0" timestamp="18 Feb 2020 12:08:30 GMT" time="26.051" errors="0">
  <testcase name="intialization" time="26.051" classname="com.nfm.testcases.TC_000_Check_HTTP_Status"/>
</testsuite> <!-- com.nfm.testcases.TC_000_Check_HTTP_Status -->
