<?xml version="1.0" encoding="UTF-8"?>
<!-- Generated by org.testng.reporters.JUnitReportReporter -->
<testsuite skipped="1" hostname="SIL-WIN-6" name="com.nfm.testcases.TC_03_NFM_RegisterPage" tests="3" failures="0" timestamp="28 May 2020 12:23:57 GMT" time="38.167" errors="0">
  <testcase name="intialization" time="14.818" classname="com.nfm.testcases.TC_03_NFM_RegisterPage"/>
  <testcase name="TC_Verify_Login_With_Valid_Email_Valid_Password" time="23.349" classname="com.nfm.testcases.TC_03_NFM_RegisterPage"/>
  <testcase name="closebrowser" classname="com.nfm.testcases.TC_03_NFM_RegisterPage">
    <skipped/>
  </testcase> <!-- closebrowser -->
</testsuite> <!-- com.nfm.testcases.TC_03_NFM_RegisterPage -->
