<?xml version="1.0" encoding="UTF-8"?>
<!-- Generated by org.testng.reporters.JUnitReportReporter -->
<testsuite skipped="1" hostname="SIL-WIN-6" name="com.nfm.testcases.TC_08_NFM_UpdatePassword" tests="3" failures="0" timestamp="23 Mar 2020 12:07:41 GMT" time="28.477" errors="0">
  <testcase name="intialization" time="20.558" classname="com.nfm.testcases.TC_08_NFM_UpdatePassword"/>
  <testcase name="TC_Verify_Update_Password_With_Blank_Fields" time="7.919" classname="com.nfm.testcases.TC_08_NFM_UpdatePassword"/>
  <testcase name="closebrowser" classname="com.nfm.testcases.TC_08_NFM_UpdatePassword">
    <skipped/>
  </testcase> <!-- closebrowser -->
</testsuite> <!-- com.nfm.testcases.TC_08_NFM_UpdatePassword -->
