<?xml version="1.0" encoding="UTF-8"?>
<!-- Generated by org.testng.reporters.JUnitReportReporter -->
<testsuite skipped="0" hostname="SIL-WIN-6" name="com.nfm.testcases.TC_Group3" tests="3" failures="0" timestamp="19 Feb 2021 07:16:49 GMT" time="0.005" errors="0">
  <testcase name="test7" time="0.001" classname="com.nfm.testcases.TC_Group3"/>
  <testcase name="test9" time="0.002" classname="com.nfm.testcases.TC_Group3"/>
  <testcase name="test8" time="0.002" classname="com.nfm.testcases.TC_Group3"/>
</testsuite> <!-- com.nfm.testcases.TC_Group3 -->
