<?xml version="1.0" encoding="UTF-8"?>
<!-- Generated by org.testng.reporters.JUnitReportReporter -->
<testsuite skipped="0" hostname="SIL-WIN-6" name="com.nfm.testcases.TC_00_Check_Console_Errors" tests="1" failures="0" timestamp="18 Feb 2020 12:35:28 GMT" time="25.127" errors="0">
  <testcase name="intialization" time="25.127" classname="com.nfm.testcases.TC_00_Check_Console_Errors"/>
</testsuite> <!-- com.nfm.testcases.TC_00_Check_Console_Errors -->
