<?xml version="1.0" encoding="UTF-8"?>
<!-- Generated by org.testng.reporters.JUnitReportReporter -->
<testsuite skipped="3" hostname="SIL-WIN-6" name="com.ot.testcases.TC_02_OT_LoginPage" tests="4" failures="0" timestamp="25 Mar 2021 10:30:52 GMT" time="9.817" errors="0">
  <testcase name="TC_Verify_Login_With_Valid_Email_Valid_Password_Untied_Account" time="9.817" classname="com.ot.testcases.TC_02_OT_LoginPage"/>
  <testcase name="TC_Verify_Login_With_Blank_Email_Blank_Password" classname="com.ot.testcases.TC_02_OT_LoginPage">
    <skipped/>
  </testcase> <!-- TC_Verify_Login_With_Blank_Email_Blank_Password -->
  <testcase name="TC_Verify_Login_With_Valid_Email_INValid_Password" classname="com.ot.testcases.TC_02_OT_LoginPage">
    <skipped/>
  </testcase> <!-- TC_Verify_Login_With_Valid_Email_INValid_Password -->
  <testcase name="TC_Verify_Login_With_Valid_Email_Valid_Password_Tied_Account" classname="com.ot.testcases.TC_02_OT_LoginPage">
    <skipped/>
  </testcase> <!-- TC_Verify_Login_With_Valid_Email_Valid_Password_Tied_Account -->
</testsuite> <!-- com.ot.testcases.TC_02_OT_LoginPage -->
